#
# There is insufficient memory for the Java Runtime Environment to continue.
# Native memory allocation (malloc) failed to allocate 1442336 bytes for Chunk::new
# Possible reasons:
#   The system is out of physical RAM or swap space
#   The process is running with CompressedOops enabled, and the Java Heap may be blocking the growth of the native heap
# Possible solutions:
#   Reduce memory load on the system
#   Increase physical memory or swap space
#   Check if swap backing store is full
#   Decrease Java heap size (-Xmx/-Xms)
#   Decrease number of Java threads
#   Decrease Java thread stack sizes (-Xss)
#   Set larger code cache with -XX:ReservedCodeCacheSize=
#   JVM is running with Unscaled Compressed Oops mode in which the Java heap is
#     placed in the first 4GB address space. The Java Heap base address is the
#     maximum limit for the native heap growth. Please use -XX:HeapBaseMinAddress
#     to set the Java Heap base and to place the Java Heap above 4GB virtual address.
# This output file may be truncated or incomplete.
#
#  Out of Memory Error (allocation.cpp:389), pid=33324, tid=0x000000000000a7b0
#
# JRE version: OpenJDK Runtime Environment (8.0_212-b04) (build 1.8.0_212-release-1586-b04)
# Java VM: OpenJDK 64-Bit Server VM (25.212-b04 mixed mode windows-amd64 compressed oops)
# Failed to write core dump. Minidumps are not enabled by default on client versions of Windows
#

---------------  T H R E A D  ---------------

Current thread (0x000000001834d000):  JavaThread "C2 CompilerThread4" daemon [_thread_in_native, id=42928, stack(0x000000001a3c0000,0x000000001a4c0000)]

Stack: [0x000000001a3c0000,0x000000001a4c0000]
[error occurred during error reporting (printing stack bounds), id 0xc0000005]

Native frames: (J=compiled Java code, j=interpreted, Vv=VM code, C=native code)


Current CompileTask:
C2:2975184 22237 %     4       com.android.tools.r8.ir.regalloc.LinearScanRegisterAllocator::a @ 2115 (3993 bytes)


---------------  P R O C E S S  ---------------

Java Threads: ( => current thread )
  0x000000002062f800 JavaThread "ForkJoinPool.commonPool-worker-14" daemon [_thread_blocked, id=36464, stack(0x000000003ca40000,0x000000003cb40000)]
  0x0000000020628000 JavaThread "ForkJoinPool.commonPool-worker-5" daemon [_thread_blocked, id=32280, stack(0x000000003c940000,0x000000003ca40000)]
  0x000000002062e800 JavaThread "ForkJoinPool.commonPool-worker-12" daemon [_thread_blocked, id=25604, stack(0x000000003c840000,0x000000003c940000)]
  0x000000002062a000 JavaThread "ForkJoinPool.commonPool-worker-3" daemon [_thread_blocked, id=15736, stack(0x000000003c740000,0x000000003c840000)]
  0x0000000020627000 JavaThread "ForkJoinPool.commonPool-worker-10" daemon [_thread_blocked, id=13616, stack(0x000000003c640000,0x000000003c740000)]
  0x000000002062b800 JavaThread "ForkJoinPool.commonPool-worker-1" daemon [_thread_blocked, id=18636, stack(0x000000003c540000,0x000000003c640000)]
  0x000000002062c800 JavaThread "ForkJoinPool.commonPool-worker-8" daemon [_thread_blocked, id=10316, stack(0x000000003c440000,0x000000003c540000)]
  0x000000002062e000 JavaThread "ForkJoinPool.commonPool-worker-15" daemon [_thread_blocked, id=9896, stack(0x000000003c340000,0x000000003c440000)]
  0x000000002062b000 JavaThread "ForkJoinPool.commonPool-worker-6" daemon [_thread_blocked, id=8396, stack(0x000000003c240000,0x000000003c340000)]
  0x0000000020628800 JavaThread "ForkJoinPool.commonPool-worker-13" daemon [_thread_blocked, id=9316, stack(0x000000003c140000,0x000000003c240000)]
  0x0000000020626800 JavaThread "ForkJoinPool.commonPool-worker-4" daemon [_thread_blocked, id=42024, stack(0x000000003c040000,0x000000003c140000)]
  0x000000002062d000 JavaThread "ForkJoinPool.commonPool-worker-11" daemon [_thread_blocked, id=39888, stack(0x000000003bf40000,0x000000003c040000)]
  0x000000001f237800 JavaThread "ForkJoinPool.commonPool-worker-2" daemon [_thread_blocked, id=43516, stack(0x000000003be40000,0x000000003bf40000)]
  0x000000002d1e8000 JavaThread "ForkJoinPool.commonPool-worker-9" daemon [_thread_blocked, id=13728, stack(0x000000003bd40000,0x000000003be40000)]
  0x000000002d1e2000 JavaThread "WorkerExecutor Queue Thread 16" [_thread_blocked, id=35132, stack(0x000000003bc40000,0x000000003bd40000)]
  0x000000002d1e3800 JavaThread "WorkerExecutor Queue Thread 15" [_thread_blocked, id=12304, stack(0x000000003bb40000,0x000000003bc40000)]
  0x000000002d1e7800 JavaThread "WorkerExecutor Queue Thread 14" [_thread_blocked, id=41260, stack(0x000000003ba40000,0x000000003bb40000)]
  0x000000002d1e5000 JavaThread "WorkerExecutor Queue Thread 13" [_thread_blocked, id=12336, stack(0x000000003b940000,0x000000003ba40000)]
  0x000000002d1e6800 JavaThread "WorkerExecutor Queue Thread 12" [_thread_blocked, id=43736, stack(0x000000003b840000,0x000000003b940000)]
  0x000000002d1e3000 JavaThread "WorkerExecutor Queue Thread 11" [_thread_blocked, id=32048, stack(0x000000003b740000,0x000000003b840000)]
  0x000000002d1e1000 JavaThread "WorkerExecutor Queue Thread 10" [_thread_blocked, id=43592, stack(0x000000003b640000,0x000000003b740000)]
  0x000000001d16a000 JavaThread "WorkerExecutor Queue Thread 9" [_thread_blocked, id=43172, stack(0x000000003b540000,0x000000003b640000)]
  0x000000001d169000 JavaThread "WorkerExecutor Queue Thread 8" [_thread_blocked, id=35348, stack(0x000000003b440000,0x000000003b540000)]
  0x000000001d168000 JavaThread "WorkerExecutor Queue Thread 7" [_thread_blocked, id=41728, stack(0x000000003b340000,0x000000003b440000)]
  0x000000001d160000 JavaThread "WorkerExecutor Queue Thread 6" [_thread_blocked, id=25160, stack(0x000000003b240000,0x000000003b340000)]
  0x000000001d166800 JavaThread "WorkerExecutor Queue Thread 5" [_thread_blocked, id=40016, stack(0x000000003b140000,0x000000003b240000)]
  0x000000001d15f000 JavaThread "WorkerExecutor Queue Thread 4" [_thread_blocked, id=2072, stack(0x000000003b040000,0x000000003b140000)]
  0x000000001d15e800 JavaThread "WorkerExecutor Queue Thread 3" [_thread_blocked, id=43188, stack(0x000000003af40000,0x000000003b040000)]
  0x000000001d165000 JavaThread "WorkerExecutor Queue Thread 2" [_thread_blocked, id=9604, stack(0x000000003ae40000,0x000000003af40000)]
  0x000000001d163800 JavaThread "WorkerExecutor Queue" [_thread_blocked, id=43408, stack(0x000000003ad40000,0x000000003ae40000)]
  0x000000001d15b800 JavaThread "Cache worker for Java compile cache (C:\Users\DAM\Desktop\DFC\.gradle\5.6.4\javaCompile)" [_thread_blocked, id=8112, stack(0x000000003ac40000,0x000000003ad40000)]
  0x000000001d15d800 JavaThread "Cache worker for execution history cache (C:\Users\DAM\Desktop\DFC\.gradle\5.6.4\executionHistory)" [_thread_blocked, id=15880, stack(0x000000003ab40000,0x000000003ac40000)]
  0x000000001d2f0000 JavaThread "Execution worker for ':' Thread 15" [_thread_blocked, id=1456, stack(0x000000003aa40000,0x000000003ab40000)]
  0x000000001d2ef000 JavaThread "Execution worker for ':' Thread 14" [_thread_blocked, id=44012, stack(0x000000003a940000,0x000000003aa40000)]
  0x000000001d2e7800 JavaThread "Execution worker for ':' Thread 13" [_thread_blocked, id=36144, stack(0x000000003a840000,0x000000003a940000)]
  0x000000001d2e7000 JavaThread "Execution worker for ':' Thread 12" [_thread_blocked, id=16484, stack(0x000000003a740000,0x000000003a840000)]
  0x000000001d2ed800 JavaThread "Execution worker for ':' Thread 11" [_thread_blocked, id=27068, stack(0x000000003a640000,0x000000003a740000)]
  0x000000001d2ed000 JavaThread "Execution worker for ':' Thread 10" [_thread_blocked, id=40536, stack(0x000000003a540000,0x000000003a640000)]
  0x000000001d2ec000 JavaThread "Execution worker for ':' Thread 9" [_thread_blocked, id=43224, stack(0x000000003a440000,0x000000003a540000)]
  0x000000001d2e8800 JavaThread "Execution worker for ':' Thread 8" [_thread_blocked, id=41924, stack(0x000000003a340000,0x000000003a440000)]
  0x000000001d2ea800 JavaThread "Execution worker for ':' Thread 7" [_thread_blocked, id=31764, stack(0x000000003a240000,0x000000003a340000)]
  0x000000001d2e5000 JavaThread "Execution worker for ':' Thread 6" [_thread_blocked, id=17152, stack(0x000000003a140000,0x000000003a240000)]
  0x000000001d2e3000 JavaThread "Execution worker for ':' Thread 5" [_thread_in_Java, id=37096, stack(0x000000003a040000,0x000000003a140000)]
  0x000000001d2e4800 JavaThread "Execution worker for ':' Thread 4" [_thread_blocked, id=38352, stack(0x0000000039f40000,0x000000003a040000)]
  0x000000001d2e2000 JavaThread "Execution worker for ':' Thread 3" [_thread_blocked, id=10940, stack(0x0000000039e40000,0x0000000039f40000)]
  0x000000001d2e9000 JavaThread "Execution worker for ':' Thread 2" [_thread_blocked, id=33072, stack(0x0000000039d40000,0x0000000039e40000)]
  0x000000001d2e6000 JavaThread "Execution worker for ':'" [_thread_blocked, id=24608, stack(0x0000000039c40000,0x0000000039d40000)]
  0x000000001f23d800 JavaThread "Cache worker for file content cache (C:\Users\DAM\Desktop\DFC\.gradle\5.6.4\fileContent)" [_thread_blocked, id=42340, stack(0x0000000039b40000,0x0000000039c40000)]
  0x000000001f236000 JavaThread "Cache worker for Build Output Cleanup Cache (C:\Users\DAM\Desktop\DFC\.gradle\buildOutputCleanup)" [_thread_blocked, id=25232, stack(0x0000000039a40000,0x0000000039b40000)]
  0x000000001f23c000 JavaThread "Build operations Thread 16" [_thread_blocked, id=38132, stack(0x0000000039940000,0x0000000039a40000)]
  0x000000001f23b800 JavaThread "Build operations Thread 15" [_thread_blocked, id=39392, stack(0x0000000039840000,0x0000000039940000)]
  0x000000001f238800 JavaThread "Build operations Thread 14" [_thread_blocked, id=12988, stack(0x0000000039740000,0x0000000039840000)]
  0x000000001f23d000 JavaThread "Build operations Thread 13" [_thread_blocked, id=39152, stack(0x0000000039640000,0x0000000039740000)]
  0x000000001f23a800 JavaThread "Build operations Thread 12" [_thread_blocked, id=10568, stack(0x0000000039540000,0x0000000039640000)]
  0x000000001f234800 JavaThread "Build operations Thread 11" [_thread_blocked, id=18712, stack(0x0000000039440000,0x0000000039540000)]
  0x000000001f237000 JavaThread "Build operations Thread 10" [_thread_blocked, id=43340, stack(0x0000000039340000,0x0000000039440000)]
  0x000000001f23a000 JavaThread "Build operations Thread 9" [_thread_blocked, id=18568, stack(0x0000000039240000,0x0000000039340000)]
  0x000000001f233000 JavaThread "Build operations Thread 8" [_thread_blocked, id=43012, stack(0x0000000039140000,0x0000000039240000)]
  0x000000001f234000 JavaThread "Build operations Thread 7" [_thread_blocked, id=17084, stack(0x0000000039040000,0x0000000039140000)]
  0x000000001f232800 JavaThread "Build operations Thread 6" [_thread_blocked, id=21264, stack(0x0000000038f40000,0x0000000039040000)]
  0x000000001f239000 JavaThread "Build operations Thread 5" [_thread_blocked, id=19364, stack(0x0000000038e40000,0x0000000038f40000)]
  0x000000001cc31800 JavaThread "Build operations Thread 4" [_thread_blocked, id=43868, stack(0x0000000038d40000,0x0000000038e40000)]
  0x000000001cc30000 JavaThread "Build operations Thread 3" [_thread_blocked, id=42696, stack(0x0000000038c40000,0x0000000038d40000)]
  0x000000001cc30800 JavaThread "Build operations Thread 2" [_thread_blocked, id=26612, stack(0x0000000038b40000,0x0000000038c40000)]
  0x000000001cc2f000 JavaThread "Build operations" [_thread_blocked, id=30160, stack(0x0000000038a40000,0x0000000038b40000)]
  0x000000001cc2d800 JavaThread "Cache worker for cache directory md-rule (C:\Users\DAM\.gradle\caches\5.6.4\md-rule)" [_thread_blocked, id=17464, stack(0x0000000038940000,0x0000000038a40000)]
  0x000000001cc26000 JavaThread "Cache worker for cache directory md-supplier (C:\Users\DAM\.gradle\caches\5.6.4\md-supplier)" [_thread_blocked, id=40532, stack(0x0000000038840000,0x0000000038940000)]
  0x000000001cc2d000 JavaThread "Cache worker for file hash cache (C:\Users\DAM\Desktop\DFC\.gradle\5.6.4\fileHashes)" [_thread_blocked, id=36620, stack(0x0000000038740000,0x0000000038840000)]
  0x000000001cc2c000 JavaThread "Thread-151" [_thread_blocked, id=40624, stack(0x0000000038640000,0x0000000038740000)]
  0x000000001cc28800 JavaThread "Stdin handler" [_thread_blocked, id=43740, stack(0x0000000038540000,0x0000000038640000)]
  0x000000001cc24800 JavaThread "Asynchronous log dispatcher for DefaultDaemonConnection: socket connection from /127.0.0.1:54758 to /127.0.0.1:55090" [_thread_blocked, id=43068, stack(0x0000000038440000,0x0000000038540000)]
  0x000000001cc27800 JavaThread "Cancel handler" [_thread_blocked, id=20236, stack(0x0000000038340000,0x0000000038440000)]
  0x000000001cc27000 JavaThread "Handler for socket connection from /127.0.0.1:54758 to /127.0.0.1:55090" [_thread_in_native, id=43920, stack(0x0000000038240000,0x0000000038340000)]
  0x000000001cc2e800 JavaThread "ForkJoinPool.commonPool-worker-0" daemon [_thread_blocked, id=43952, stack(0x0000000038040000,0x0000000038140000)]
  0x000000001d15d000 JavaThread "Daemon worker Thread 3" [_thread_blocked, id=28852, stack(0x0000000034f40000,0x0000000035040000)]
  0x000000001d15a800 JavaThread "Daemon Thread 3" [_thread_blocked, id=26636, stack(0x0000000034c40000,0x0000000034d40000)]
  0x000000001f235800 JavaThread "Cache worker for Java compile cache (C:\Users\DAM\.gradle\caches\5.6.4\javaCompile)" [_thread_blocked, id=43300, stack(0x000000002db70000,0x000000002dc70000)]
  0x000000001d163000 JavaThread "Cache worker for file content cache (C:\Users\DAM\.gradle\caches\5.6.4\fileContent)" [_thread_blocked, id=17904, stack(0x00000000264b0000,0x00000000265b0000)]
  0x000000001d164800 JavaThread "Memory manager" [_thread_blocked, id=43508, stack(0x00000000263b0000,0x00000000264b0000)]
  0x000000001cc25800 JavaThread "Cache worker for execution history cache (C:\Users\DAM\.gradle\caches\5.6.4\executionHistory)" [_thread_blocked, id=33052, stack(0x0000000022fb0000,0x00000000230b0000)]
  0x000000001cc22800 JavaThread "Cache worker for journal cache (C:\Users\DAM\.gradle\caches\journal-1)" [_thread_blocked, id=33936, stack(0x000000001ed00000,0x000000001ee00000)]
  0x0000000018351000 JavaThread "File lock request listener" [_thread_in_native, id=37036, stack(0x000000001ec00000,0x000000001ed00000)]
  0x000000001cc3a000 JavaThread "Cache worker for file hash cache (C:\Users\DAM\.gradle\caches\5.6.4\fileHashes)" [_thread_blocked, id=27264, stack(0x000000001eb00000,0x000000001ec00000)]
  0x000000001ca8a000 JavaThread "Daemon periodic checks" [_thread_blocked, id=9840, stack(0x000000001df00000,0x000000001e000000)]
  0x000000001cad1800 JavaThread "Incoming local TCP Connector on port 54758" [_thread_in_native, id=42556, stack(0x000000001dca0000,0x000000001dda0000)]
  0x000000001c95a800 JavaThread "Daemon health stats" [_thread_blocked, id=43212, stack(0x000000001d660000,0x000000001d760000)]
  0x0000000018424000 JavaThread "Service Thread" daemon [_thread_blocked, id=41624, stack(0x000000001acc0000,0x000000001adc0000)]
  0x000000001834e000 JavaThread "C1 CompilerThread11" daemon [_thread_blocked, id=35364, stack(0x000000001abc0000,0x000000001acc0000)]
  0x0000000018352800 JavaThread "C1 CompilerThread10" daemon [_thread_in_vm, id=17644, stack(0x000000001aac0000,0x000000001abc0000)]
  0x0000000018350000 JavaThread "C1 CompilerThread9" daemon [_thread_blocked, id=42036, stack(0x000000001a8c0000,0x000000001a9c0000)]
  0x000000001834f800 JavaThread "C1 CompilerThread8" daemon [_thread_in_native, id=37176, stack(0x000000001a7c0000,0x000000001a8c0000)]
  0x0000000018351800 JavaThread "C2 CompilerThread7" daemon [_thread_in_native, id=43936, stack(0x000000001a6c0000,0x000000001a7c0000)]
  0x000000001834b800 JavaThread "C2 CompilerThread6" daemon [_thread_in_native, id=42564, stack(0x000000001a5c0000,0x000000001a6c0000)]
  0x000000001834c800 JavaThread "C2 CompilerThread5" daemon [_thread_in_native, id=35720, stack(0x000000001a4c0000,0x000000001a5c0000)]
=>0x000000001834d000 JavaThread "C2 CompilerThread4" daemon [_thread_in_native, id=42928, stack(0x000000001a3c0000,0x000000001a4c0000)]
  0x00000000168cd800 JavaThread "C2 CompilerThread3" daemon [_thread_in_native, id=38012, stack(0x000000001a2c0000,0x000000001a3c0000)]
  0x0000000018340000 JavaThread "C2 CompilerThread2" daemon [_thread_in_native, id=9912, stack(0x000000001a1c0000,0x000000001a2c0000)]
  0x000000001833f800 JavaThread "C2 CompilerThread1" daemon [_thread_in_native, id=35444, stack(0x000000001a0c0000,0x000000001a1c0000)]
  0x000000001833c000 JavaThread "C2 CompilerThread0" daemon [_thread_in_native, id=43616, stack(0x0000000019fc0000,0x000000001a0c0000)]
  0x000000001833b800 JavaThread "Attach Listener" daemon [_thread_blocked, id=28332, stack(0x0000000019ec0000,0x0000000019fc0000)]
  0x0000000018338000 JavaThread "Signal Dispatcher" daemon [_thread_blocked, id=22640, stack(0x0000000019dc0000,0x0000000019ec0000)]
  0x00000000168c2000 JavaThread "Finalizer" daemon [_thread_blocked, id=35268, stack(0x0000000019ba0000,0x0000000019ca0000)]
  0x0000000018326000 JavaThread "Reference Handler" daemon [_thread_blocked, id=19720, stack(0x0000000019aa0000,0x0000000019ba0000)]
  0x00000000024fe000 JavaThread "main" [_thread_blocked, id=32508, stack(0x0000000002350000,0x0000000002450000)]

Other Threads:
  0x0000000018302800 VMThread [stack: 0x00000000199a0000,0x0000000019aa0000] [id=36912]
  0x0000000018424800 WatcherThread [stack: 0x000000001adc0000,0x000000001aec0000] [id=37824]

VM state:not at safepoint (normal execution)

VM Mutex/Monitor currently owned by a thread: None

heap address: 0x00000000a0000000, size: 1536 MB, Compressed Oops mode: 32-bit
Narrow klass base: 0x0000000000000000, Narrow klass shift: 3
Compressed class space size: 1073741824 Address: 0x0000000100000000

Heap:
 PSYoungGen      total 397824K, used 93738K [0x00000000e0000000, 0x00000000fb900000, 0x0000000100000000)
  eden space 355328K, 17% used [0x00000000e0000000,0x00000000e3b8f2d0,0x00000000f5b00000)
  from space 42496K, 77% used [0x00000000f8700000,0x00000000fa6fb690,0x00000000fb080000)
  to   space 45056K, 0% used [0x00000000f5b00000,0x00000000f5b00000,0x00000000f8700000)
 ParOldGen       total 297472K, used 52500K [0x00000000a0000000, 0x00000000b2280000, 0x00000000e0000000)
  object space 297472K, 17% used [0x00000000a0000000,0x00000000a3345300,0x00000000b2280000)
 Metaspace       used 104467K, capacity 109476K, committed 112128K, reserved 1146880K
  class space    used 13434K, capacity 14423K, committed 15104K, reserved 1048576K

Card table byte_map: [0x00000000119c0000,0x0000000011cd0000] byte_map_base: 0x00000000114c0000

Marking Bits: (ParMarkBitMap*) 0x0000000074b69f30
 Begin Bits: [0x0000000012bd0000, 0x00000000143d0000)
 End Bits:   [0x00000000143d0000, 0x0000000015bd0000)

Polling page: 0x0000000000450000

CodeCache: size=245760Kb used=66073Kb max_used=66090Kb free=179686Kb
 bounds [0x0000000002600000, 0x0000000006740000, 0x0000000011600000]
 total_blobs=19178 nmethods=18235 adapters=852
 compilation: enabled

Compilation events (10 events):
Event: 2975.127 Thread 0x0000000018352800 nmethod 22460 0x0000000004236a10 code [0x0000000004236b60, 0x0000000004236d30]
Event: 2975.127 Thread 0x0000000018350000 nmethod 22456 0x00000000042358d0 code [0x0000000004235b20, 0x00000000042363f8]
Event: 2975.130 Thread 0x000000001834e000 22461       2       com.android.tools.r8.u.b.W0::l0 (2 bytes)
Event: 2975.131 Thread 0x000000001834e000 nmethod 22461 0x0000000004235590 code [0x00000000042356e0, 0x0000000004235830]
Event: 2975.135 Thread 0x000000001834f800 22463       2       com.android.tools.r8.u.b.W0::a (213 bytes)
Event: 2975.136 Thread 0x000000001834f800 nmethod 22463 0x0000000004382a90 code [0x0000000004382d00, 0x0000000004383708]
Event: 2975.136 Thread 0x0000000018351800 nmethod 22436 0x00000000048013d0 code [0x00000000048016e0, 0x0000000004803020]
Event: 2975.137 Thread 0x0000000018351800 22462       4       java.util.AbstractCollection::removeAll (49 bytes)
Event: 2975.145 Thread 0x0000000018351800 nmethod 22462 0x0000000004b85010 code [0x0000000004b85180, 0x0000000004b85658]
Event: 2975.146 Thread 0x0000000018351800 22465       4       com.android.tools.r8.ir.analysis.type.j::a (184 bytes)

GC Heap History (10 events):
Event: 1359.157 GC heap before
{Heap before GC invocations=18 (full 4):
 PSYoungGen      total 291328K, used 8452K [0x00000000e0000000, 0x00000000f5180000, 0x0000000100000000)
  eden space 259072K, 0% used [0x00000000e0000000,0x00000000e0000000,0x00000000efd00000)
  from space 32256K, 26% used [0x00000000f1c00000,0x00000000f2441208,0x00000000f3b80000)
  to   space 31744K, 0% used [0x00000000efd00000,0x00000000efd00000,0x00000000f1c00000)
 ParOldGen       total 216576K, used 70827K [0x00000000a0000000, 0x00000000ad380000, 0x00000000e0000000)
  object space 216576K, 32% used [0x00000000a0000000,0x00000000a452af20,0x00000000ad380000)
 Metaspace       used 91633K, capacity 98432K, committed 98496K, reserved 1134592K
  class space    used 12466K, capacity 13637K, committed 13696K, reserved 1048576K
Event: 1359.283 GC heap after
Heap after GC invocations=18 (full 4):
 PSYoungGen      total 291328K, used 0K [0x00000000e0000000, 0x00000000f5180000, 0x0000000100000000)
  eden space 259072K, 0% used [0x00000000e0000000,0x00000000e0000000,0x00000000efd00000)
  from space 32256K, 0% used [0x00000000f1c00000,0x00000000f1c00000,0x00000000f3b80000)
  to   space 31744K, 0% used [0x00000000efd00000,0x00000000efd00000,0x00000000f1c00000)
 ParOldGen       total 297472K, used 50910K [0x00000000a0000000, 0x00000000b2280000, 0x00000000e0000000)
  object space 297472K, 17% used [0x00000000a0000000,0x00000000a31b79f8,0x00000000b2280000)
 Metaspace       used 89772K, capacity 93306K, committed 98496K, reserved 1134592K
  class space    used 11841K, capacity 12544K, committed 13696K, reserved 1048576K
}
Event: 1361.477 GC heap before
{Heap before GC invocations=19 (full 4):
 PSYoungGen      total 291328K, used 259072K [0x00000000e0000000, 0x00000000f5180000, 0x0000000100000000)
  eden space 259072K, 100% used [0x00000000e0000000,0x00000000efd00000,0x00000000efd00000)
  from space 32256K, 0% used [0x00000000f1c00000,0x00000000f1c00000,0x00000000f3b80000)
  to   space 31744K, 0% used [0x00000000efd00000,0x00000000efd00000,0x00000000f1c00000)
 ParOldGen       total 297472K, used 50910K [0x00000000a0000000, 0x00000000b2280000, 0x00000000e0000000)
  object space 297472K, 17% used [0x00000000a0000000,0x00000000a31b79f8,0x00000000b2280000)
 Metaspace       used 97995K, capacity 102114K, committed 106880K, reserved 1140736K
  class space    used 12836K, capacity 13647K, committed 14720K, reserved 1048576K
Event: 1361.496 GC heap after
Heap after GC invocations=19 (full 4):
 PSYoungGen      total 290816K, used 19981K [0x00000000e0000000, 0x00000000f7f80000, 0x0000000100000000)
  eden space 259072K, 0% used [0x00000000e0000000,0x00000000e0000000,0x00000000efd00000)
  from space 31744K, 62% used [0x00000000efd00000,0x00000000f1083520,0x00000000f1c00000)
  to   space 32256K, 0% used [0x00000000f6000000,0x00000000f6000000,0x00000000f7f80000)
 ParOldGen       total 297472K, used 50918K [0x00000000a0000000, 0x00000000b2280000, 0x00000000e0000000)
  object space 297472K, 17% used [0x00000000a0000000,0x00000000a31b99f8,0x00000000b2280000)
 Metaspace       used 97995K, capacity 102114K, committed 106880K, reserved 1140736K
  class space    used 12836K, capacity 13647K, committed 14720K, reserved 1048576K
}
Event: 2955.156 GC heap before
{Heap before GC invocations=20 (full 4):
 PSYoungGen      total 290816K, used 279053K [0x00000000e0000000, 0x00000000f7f80000, 0x0000000100000000)
  eden space 259072K, 100% used [0x00000000e0000000,0x00000000efd00000,0x00000000efd00000)
  from space 31744K, 62% used [0x00000000efd00000,0x00000000f1083520,0x00000000f1c00000)
  to   space 32256K, 0% used [0x00000000f6000000,0x00000000f6000000,0x00000000f7f80000)
 ParOldGen       total 297472K, used 50918K [0x00000000a0000000, 0x00000000b2280000, 0x00000000e0000000)
  object space 297472K, 17% used [0x00000000a0000000,0x00000000a31b99f8,0x00000000b2280000)
 Metaspace       used 101005K, capacity 105662K, committed 109184K, reserved 1142784K
  class space    used 13155K, capacity 14082K, committed 14976K, reserved 1048576K
Event: 2955.178 GC heap after
Heap after GC invocations=20 (full 4):
 PSYoungGen      total 349696K, used 31797K [0x00000000e0000000, 0x00000000f7f80000, 0x0000000100000000)
  eden space 317440K, 0% used [0x00000000e0000000,0x00000000e0000000,0x00000000f3600000)
  from space 32256K, 98% used [0x00000000f6000000,0x00000000f7f0d448,0x00000000f7f80000)
  to   space 36352K, 0% used [0x00000000f3880000,0x00000000f3880000,0x00000000f5c00000)
 ParOldGen       total 297472K, used 50926K [0x00000000a0000000, 0x00000000b2280000, 0x00000000e0000000)
  object space 297472K, 17% used [0x00000000a0000000,0x00000000a31bb9f8,0x00000000b2280000)
 Metaspace       used 101005K, capacity 105662K, committed 109184K, reserved 1142784K
  class space    used 13155K, capacity 14082K, committed 14976K, reserved 1048576K
}
Event: 2973.314 GC heap before
{Heap before GC invocations=21 (full 4):
 PSYoungGen      total 349696K, used 349237K [0x00000000e0000000, 0x00000000f7f80000, 0x0000000100000000)
  eden space 317440K, 100% used [0x00000000e0000000,0x00000000f3600000,0x00000000f3600000)
  from space 32256K, 98% used [0x00000000f6000000,0x00000000f7f0d448,0x00000000f7f80000)
  to   space 36352K, 0% used [0x00000000f3880000,0x00000000f3880000,0x00000000f5c00000)
 ParOldGen       total 297472K, used 50926K [0x00000000a0000000, 0x00000000b2280000, 0x00000000e0000000)
  object space 297472K, 17% used [0x00000000a0000000,0x00000000a31bb9f8,0x00000000b2280000)
 Metaspace       used 103298K, capacity 108148K, committed 111104K, reserved 1144832K
  class space    used 13323K, capacity 14307K, committed 15104K, reserved 1048576K
Event: 2973.349 GC heap after
Heap after GC invocations=21 (full 4):
 PSYoungGen      total 356352K, used 36351K [0x00000000e0000000, 0x00000000fb080000, 0x0000000100000000)
  eden space 320000K, 0% used [0x00000000e0000000,0x00000000e0000000,0x00000000f3880000)
  from space 36352K, 99% used [0x00000000f3880000,0x00000000f5bffd98,0x00000000f5c00000)
  to   space 42496K, 0% used [0x00000000f8700000,0x00000000f8700000,0x00000000fb080000)
 ParOldGen       total 297472K, used 52492K [0x00000000a0000000, 0x00000000b2280000, 0x00000000e0000000)
  object space 297472K, 17% used [0x00000000a0000000,0x00000000a3343300,0x00000000b2280000)
 Metaspace       used 103298K, capacity 108148K, committed 111104K, reserved 1144832K
  class space    used 13323K, capacity 14307K, committed 15104K, reserved 1048576K
}
Event: 2974.884 GC heap before
{Heap before GC invocations=22 (full 4):
 PSYoungGen      total 356352K, used 356351K [0x00000000e0000000, 0x00000000fb080000, 0x0000000100000000)
  eden space 320000K, 100% used [0x00000000e0000000,0x00000000f3880000,0x00000000f3880000)
  from space 36352K, 99% used [0x00000000f3880000,0x00000000f5bffd98,0x00000000f5c00000)
  to   space 42496K, 0% used [0x00000000f8700000,0x00000000f8700000,0x00000000fb080000)
 ParOldGen       total 297472K, used 52492K [0x00000000a0000000, 0x00000000b2280000, 0x00000000e0000000)
  object space 297472K, 17% used [0x00000000a0000000,0x00000000a3343300,0x00000000b2280000)
 Metaspace       used 104442K, capacity 109412K, committed 112128K, reserved 1146880K
  class space    used 13434K, capacity 14423K, committed 15104K, reserved 1048576K
Event: 2974.907 GC heap after
Heap after GC invocations=22 (full 4):
 PSYoungGen      total 397824K, used 32749K [0x00000000e0000000, 0x00000000fb900000, 0x0000000100000000)
  eden space 355328K, 0% used [0x00000000e0000000,0x00000000e0000000,0x00000000f5b00000)
  from space 42496K, 77% used [0x00000000f8700000,0x00000000fa6fb690,0x00000000fb080000)
  to   space 45056K, 0% used [0x00000000f5b00000,0x00000000f5b00000,0x00000000f8700000)
 ParOldGen       total 297472K, used 52500K [0x00000000a0000000, 0x00000000b2280000, 0x00000000e0000000)
  object space 297472K, 17% used [0x00000000a0000000,0x00000000a3345300,0x00000000b2280000)
 Metaspace       used 104442K, capacity 109412K, committed 112128K, reserved 1146880K
  class space    used 13434K, capacity 14423K, committed 15104K, reserved 1048576K
}

Deoptimization events (10 events):
Event: 2974.420 Thread 0x000000001d2e3000 Uncommon trap: reason=predicate action=maybe_recompile pc=0x0000000004482760 method=com.android.tools.r8.ir.analysis.type.j.a(Lcom/android/tools/r8/u/b/g1;Lcom/android/tools/r8/ir/analysis/type/k;)V @ 167
Event: 2974.466 Thread 0x000000001d2e3000 Uncommon trap: reason=unstable_if action=reinterpret pc=0x0000000004aa82c8 method=com.android.tools.r8.u.c.o.c(I)Lcom/android/tools/r8/graph/r; @ 6
Event: 2974.628 Thread 0x000000001d2e3000 Uncommon trap: reason=class_check action=maybe_recompile pc=0x00000000049cfd78 method=com.android.tools.r8.v.a.a.a.f.Z.equals(Ljava/lang/Object;)Z @ 1
Event: 2974.655 Thread 0x000000001d2e3000 Uncommon trap: reason=bimorphic action=maybe_recompile pc=0x00000000061b6114 method=com.android.tools.r8.u.b.j1.a(Lcom/android/tools/r8/ir/analysis/type/k;)Lcom/android/tools/r8/u/b/j1; @ 19
Event: 2974.768 Thread 0x000000001d2e3000 Uncommon trap: reason=unstable_if action=reinterpret pc=0x0000000004b5928c method=com.android.tools.r8.ir.optimize.Z.a(Lcom/android/tools/r8/u/b/T;Lcom/android/tools/r8/ir/regalloc/LinearScanRegisterAllocator;)V @ 272
Event: 2974.800 Thread 0x000000001d2e3000 Uncommon trap: reason=class_check action=maybe_recompile pc=0x00000000049cfd78 method=com.android.tools.r8.v.a.a.a.f.Z.equals(Ljava/lang/Object;)Z @ 1
Event: 2974.839 Thread 0x000000001d2e3000 Uncommon trap: reason=class_check action=maybe_recompile pc=0x00000000046214d4 method=com.android.tools.r8.ir.analysis.type.j.a(Lcom/android/tools/r8/u/b/g1;Lcom/android/tools/r8/ir/analysis/type/k;)V @ 40
Event: 2975.036 Thread 0x000000001d2e3000 Uncommon trap: reason=unstable_if action=reinterpret pc=0x00000000061ae3b8 method=com.android.tools.r8.ir.optimize.I.a(Lcom/android/tools/r8/u/b/d0;)Z @ 164
Event: 2975.112 Thread 0x000000001d2e3000 Uncommon trap: reason=bimorphic action=maybe_recompile pc=0x00000000061b6114 method=com.android.tools.r8.u.b.j1.a(Lcom/android/tools/r8/ir/analysis/type/k;)Lcom/android/tools/r8/u/b/j1; @ 19
Event: 2975.116 Thread 0x000000001d2e3000 Uncommon trap: reason=class_check action=maybe_recompile pc=0x00000000046214d4 method=com.android.tools.r8.ir.analysis.type.j.a(Lcom/android/tools/r8/u/b/g1;Lcom/android/tools/r8/ir/analysis/type/k;)V @ 40

Classes redefined (0 events):
No events

Internal exceptions (10 events):
Event: 2973.038 Thread 0x000000002d1e3800 Exception <a 'sun/nio/fs/WindowsException'> (0x00000000ef7caa10) thrown at [D:\src\AOSP-openjdk-cygwin\jdk8u\hotspot\src\share\vm\prims\jni.cpp, line 710]
Event: 2973.042 Thread 0x000000002d1e3800 Exception <a 'sun/nio/fs/WindowsException'> (0x00000000ef7d1de8) thrown at [D:\src\AOSP-openjdk-cygwin\jdk8u\hotspot\src\share\vm\prims\jni.cpp, line 710]
Event: 2973.057 Thread 0x000000002d1e3800 Exception <a 'sun/nio/fs/WindowsException'> (0x00000000f01ad4c0) thrown at [D:\src\AOSP-openjdk-cygwin\jdk8u\hotspot\src\share\vm\prims\jni.cpp, line 710]
Event: 2973.161 Thread 0x000000001d2ef000 Exception <a 'sun/nio/fs/WindowsException'> (0x00000000f11328b0) thrown at [D:\src\AOSP-openjdk-cygwin\jdk8u\hotspot\src\share\vm\prims\jni.cpp, line 710]
Event: 2973.186 Thread 0x000000001d2ef000 Implicit null exception at 0x0000000004aca5b6 to 0x0000000004aca9fd
Event: 2973.286 Thread 0x000000001d2e3000 Exception <a 'sun/nio/fs/WindowsException'> (0x00000000f30dff38) thrown at [D:\src\AOSP-openjdk-cygwin\jdk8u\hotspot\src\share\vm\prims\jni.cpp, line 710]
Event: 2973.383 Thread 0x000000002d1e6800 Exception <a 'sun/nio/fs/WindowsException'> (0x00000000e0cc8ab0) thrown at [D:\src\AOSP-openjdk-cygwin\jdk8u\hotspot\src\share\vm\prims\jni.cpp, line 710]
Event: 2973.550 Thread 0x0000000028037000 Exception <a 'sun/nio/fs/WindowsException'> (0x00000000e44e5a48) thrown at [D:\src\AOSP-openjdk-cygwin\jdk8u\hotspot\src\share\vm\prims\jni.cpp, line 710]
Event: 2973.790 Thread 0x000000001d2ef000 Exception <a 'sun/nio/fs/WindowsException'> (0x00000000e7ce9078) thrown at [D:\src\AOSP-openjdk-cygwin\jdk8u\hotspot\src\share\vm\prims\jni.cpp, line 710]
Event: 2973.898 Thread 0x000000001d163800 Implicit null exception at 0x00000000044fbd70 to 0x00000000044fbd80

Events (10 events):
Event: 2975.091 Thread 0x000000001d2e3000 DEOPT PACKING pc=0x0000000004abdc95 sp=0x000000003a13a9a0
Event: 2975.091 Thread 0x000000001d2e3000 DEOPT UNPACKING pc=0x00000000026471d0 sp=0x000000003a13a7e8 mode 0
Event: 2975.112 Thread 0x000000001d2e3000 Uncommon trap: trap_request=0xffffffc6 fr.pc=0x00000000061b6114
Event: 2975.113 Thread 0x000000001d2e3000 DEOPT PACKING pc=0x00000000061b6114 sp=0x000000003a13a340
Event: 2975.113 Thread 0x000000001d2e3000 DEOPT UNPACKING pc=0x000000000264557b sp=0x000000003a13a308 mode 2
Event: 2975.113 Thread 0x000000001d2e3000 DEOPT PACKING pc=0x0000000004af13a2 sp=0x000000003a13a6b0
Event: 2975.113 Thread 0x000000001d2e3000 DEOPT UNPACKING pc=0x00000000026471d0 sp=0x000000003a13a7e0 mode 0
Event: 2975.116 Thread 0x000000001d2e3000 Uncommon trap: trap_request=0xffffffde fr.pc=0x00000000046214d4
Event: 2975.116 Thread 0x000000001d2e3000 DEOPT PACKING pc=0x00000000046214d4 sp=0x000000003a13a4f0
Event: 2975.116 Thread 0x000000001d2e3000 DEOPT UNPACKING pc=0x000000000264557b sp=0x000000003a13a4b8 mode 2


Dynamic libraries:
0x00007ff67d150000 - 0x00007ff67d181000 	D:\Program Files\Android\Android Studio\jre\bin\java.exe
0x00007ffa16c00000 - 0x00007ffa16ded000 	C:\WINDOWS\SYSTEM32\ntdll.dll
0x00007ffa15d10000 - 0x00007ffa15dc3000 	C:\WINDOWS\System32\KERNEL32.DLL
0x00007ffa12ed0000 - 0x00007ffa13165000 	C:\WINDOWS\System32\KERNELBASE.dll
0x00007ffa16020000 - 0x00007ffa160c3000 	C:\WINDOWS\System32\ADVAPI32.dll
0x00007ffa15680000 - 0x00007ffa1571e000 	C:\WINDOWS\System32\msvcrt.dll
0x00007ffa15e00000 - 0x00007ffa15e9e000 	C:\WINDOWS\System32\sechost.dll
0x00007ffa16400000 - 0x00007ffa16522000 	C:\WINDOWS\System32\RPCRT4.dll
0x00007ffa13fe0000 - 0x00007ffa14177000 	C:\WINDOWS\System32\USER32.dll
0x00007ffa131f0000 - 0x00007ffa13210000 	C:\WINDOWS\System32\win32u.dll
0x00007ffa15ff0000 - 0x00007ffa16019000 	C:\WINDOWS\System32\GDI32.dll
0x00007ffa132d0000 - 0x00007ffa13469000 	C:\WINDOWS\System32\gdi32full.dll
0x00007ffa13210000 - 0x00007ffa132b0000 	C:\WINDOWS\System32\msvcp_win.dll
0x00007ffa12cc0000 - 0x00007ffa12dba000 	C:\WINDOWS\System32\ucrtbase.dll
0x00007ffa00050000 - 0x00007ffa002c9000 	C:\WINDOWS\WinSxS\amd64_microsoft.windows.common-controls_6595b64144ccf1df_6.0.17763.1217_none_de6e4304534e0ad3\COMCTL32.dll
0x00007ffa160d0000 - 0x00007ffa163fc000 	C:\WINDOWS\System32\combase.dll
0x00007ffa13170000 - 0x00007ffa131ee000 	C:\WINDOWS\System32\bcryptPrimitives.dll
0x00007ffa15dd0000 - 0x00007ffa15dfe000 	C:\WINDOWS\System32\IMM32.DLL
0x00000000742c0000 - 0x0000000074392000 	D:\Program Files\Android\Android Studio\jre\jre\bin\msvcr100.dll
0x00000000743a0000 - 0x0000000074be6000 	D:\Program Files\Android\Android Studio\jre\jre\bin\server\jvm.dll
0x00007ffa157f0000 - 0x00007ffa157f8000 	C:\WINDOWS\System32\PSAPI.DLL
0x00007ffa0ee50000 - 0x00007ffa0ee59000 	C:\WINDOWS\SYSTEM32\WSOCK32.dll
0x00007ffa0bf60000 - 0x00007ffa0bf6a000 	C:\WINDOWS\SYSTEM32\VERSION.dll
0x00007ffa10c30000 - 0x00007ffa10c54000 	C:\WINDOWS\SYSTEM32\WINMM.dll
0x00007ffa15c80000 - 0x00007ffa15ced000 	C:\WINDOWS\System32\WS2_32.dll
0x00007ffa10c00000 - 0x00007ffa10c2d000 	C:\WINDOWS\SYSTEM32\WINMMBASE.dll
0x00007ffa13680000 - 0x00007ffa136ca000 	C:\WINDOWS\System32\cfgmgr32.dll
0x00007ffa0e570000 - 0x00007ffa0e57f000 	D:\Program Files\Android\Android Studio\jre\jre\bin\verify.dll
0x00007ffa06350000 - 0x00007ffa06379000 	D:\Program Files\Android\Android Studio\jre\jre\bin\java.dll
0x00007ffa065f0000 - 0x00007ffa06606000 	D:\Program Files\Android\Android Studio\jre\jre\bin\zip.dll
0x00007ffa14180000 - 0x00007ffa15674000 	C:\WINDOWS\System32\SHELL32.dll
0x00007ffa13f30000 - 0x00007ffa13fd8000 	C:\WINDOWS\System32\shcore.dll
0x00007ffa136d0000 - 0x00007ffa13e1e000 	C:\WINDOWS\System32\windows.storage.dll
0x00007ffa12c90000 - 0x00007ffa12cb4000 	C:\WINDOWS\System32\profapi.dll
0x00007ffa12c30000 - 0x00007ffa12c8d000 	C:\WINDOWS\System32\powrprof.dll
0x00007ffa15720000 - 0x00007ffa15772000 	C:\WINDOWS\System32\shlwapi.dll
0x00007ffa12c10000 - 0x00007ffa12c21000 	C:\WINDOWS\System32\kernel.appcore.dll
0x00007ffa132b0000 - 0x00007ffa132c7000 	C:\WINDOWS\System32\cryptsp.dll
0x00007ff9fffe0000 - 0x00007ff9ffffa000 	D:\Program Files\Android\Android Studio\jre\jre\bin\net.dll
0x00007ffa03670000 - 0x00007ffa03847000 	C:\WINDOWS\SYSTEM32\urlmon.dll
0x00007ffa04470000 - 0x00007ffa04718000 	C:\WINDOWS\SYSTEM32\iertutil.dll
0x00007ffa125d0000 - 0x00007ffa125dc000 	C:\WINDOWS\SYSTEM32\CRYPTBASE.DLL
0x00007ffa12400000 - 0x00007ffa12467000 	C:\WINDOWS\system32\mswsock.dll
0x00007ff9f5930000 - 0x00007ff9f5943000 	D:\Program Files\Android\Android Studio\jre\jre\bin\nio.dll
0x00007ff9f5900000 - 0x00007ff9f5926000 	C:\Users\DAM\.gradle\native\30\windows-amd64\native-platform.dll
0x00007ffa06970000 - 0x00007ffa0697d000 	D:\Program Files\Android\Android Studio\jre\jre\bin\management.dll
0x00007ffa11f80000 - 0x00007ffa11fb3000 	C:\WINDOWS\system32\rsaenh.dll
0x00007ffa13470000 - 0x00007ffa13496000 	C:\WINDOWS\System32\bcrypt.dll
0x00007ffa12af0000 - 0x00007ffa12b18000 	C:\WINDOWS\SYSTEM32\USERENV.dll
0x00007ffa12120000 - 0x00007ffa1215d000 	C:\WINDOWS\SYSTEM32\IPHLPAPI.DLL
0x00007ffa16530000 - 0x00007ffa16538000 	C:\WINDOWS\System32\NSI.dll
0x00007ffa084e0000 - 0x00007ffa084f6000 	C:\WINDOWS\SYSTEM32\dhcpcsvc6.DLL
0x00007ffa0b2c0000 - 0x00007ffa0b2dc000 	C:\WINDOWS\SYSTEM32\dhcpcsvc.DLL
0x00007ffa12160000 - 0x00007ffa12227000 	C:\WINDOWS\SYSTEM32\DNSAPI.dll
0x00007ff9ee930000 - 0x00007ff9ee954000 	D:\Program Files\Android\Android Studio\jre\jre\bin\sunec.dll
0x00007ffa04460000 - 0x00007ffa0446a000 	C:\Windows\System32\rasadhlp.dll
0x00007ffa05810000 - 0x00007ffa05889000 	C:\WINDOWS\System32\fwpuclnt.dll
0x00007ffa064d0000 - 0x00007ffa064db000 	D:\Program Files\Android\Android Studio\jre\jre\bin\sunmscapi.dll
0x00007ffa134a0000 - 0x00007ffa1367c000 	C:\WINDOWS\System32\CRYPT32.dll
0x00007ffa12bf0000 - 0x00007ffa12c02000 	C:\WINDOWS\System32\MSASN1.dll
0x00007ffa11c60000 - 0x00007ffa11c91000 	C:\WINDOWS\SYSTEM32\ntmarta.dll

VM Arguments:
jvm_args: -Xmx1536m -Dfile.encoding=windows-1252 -Duser.country=ES -Duser.language=es -Duser.variant 
java_command: org.gradle.launcher.daemon.bootstrap.GradleDaemon 5.6.4
java_class_path (initial): C:\Users\DAM\.gradle\wrapper\dists\gradle-5.6.4-all\ankdp27end7byghfw1q2sw75f\gradle-5.6.4\lib\gradle-launcher-5.6.4.jar
Launcher Type: SUN_STANDARD

Environment Variables:
PATH=C:\Program Files (x86)\Common Files\Oracle\Java\javapath;C:\oraclexe\app\oracle\product\10.2.0\server\bin;C:\Program Files (x86)\Razer Chroma SDK\bin;C:\Program Files\Razer Chroma SDK\bin;C:\Windows\system32;C:\Windows;C:\Windows\System32\Wbem;C:\Windows\System32\WindowsPowerShell\v1.0\;C:\WINDOWS\system32;C:\WINDOWS;C:\WINDOWS\System32\Wbem;C:\WINDOWS\System32\WindowsPowerShell\v1.0\;C:\WINDOWS\System32\OpenSSH\;C:\Program Files\PuTTY\;C:\Program Files\dotnet\;C:\Program Files\Git\cmd;C:\Android;C:\Program Files\nodejs\;C:\Program Files\Microsoft SQL Server\Client SDK\ODBC\170\Tools\Binn\;C:\Program Files (x86)\Microsoft SQL Server\150\Tools\Binn\;C:\Program Files\Microsoft SQL Server\150\Tools\Binn\;C:\Program Files\Microsoft SQL Server\150\DTS\Binn\;C:\Program Files (x86)\Microsoft SQL Server\150\DTS\Binn\;C:\Users\DAM\AppData\Local\Microsoft\WindowsApps;
USERNAME=DAM
OS=Windows_NT
PROCESSOR_IDENTIFIER=AMD64 Family 23 Model 1 Stepping 1, AuthenticAMD



---------------  S Y S T E M  ---------------

OS: Windows 10.0 , 64 bit Build 17763 (10.0.17763.1158)

CPU:total 16 (initial active 16) (16 cores per cpu, 1 threads per core) family 23 model 1 stepping 1, cmov, cx8, fxsr, mmx, sse, sse2, sse3, ssse3, sse4.1, sse4.2, popcnt, avx, avx2, aes, clmul, mmxext, 3dnowpref, lzcnt, sse4a, tsc, tscinvbit, tscinv, bmi1

Memory: 4k page, physical 16711888k(738448k free), swap 31473632k(8080k free)

vm_info: OpenJDK 64-Bit Server VM (25.212-b04) for windows-amd64 JRE (1.8.0_212-release-1586-b04), built by "builder" with MS VC++ 10.0 (VS2010)

time: Thu May 28 22:43:33 2020
timezone: Hora de verano GMT
elapsed time: 2975 seconds (0d 0h 49m 35s)

